{"numFailedTestSuites":8,"numFailedTests":2,"numPassedTestSuites":0,"numPassedTests":0,"numPendingTestSuites":0,"numPendingTests":0,"numRuntimeErrorTestSuites":7,"numTodoTests":0,"numTotalTestSuites":8,"numTotalTests":2,"openHandles":[],"snapshot":{"added":0,"didUpdate":false,"failure":false,"filesAdded":0,"filesRemoved":0,"filesRemovedList":[],"filesUnmatched":0,"filesUpdated":0,"matched":0,"total":0,"unchecked":0,"uncheckedKeysByFile":[],"unmatched":0,"updated":0},"startTime":1726737520984,"success":false,"testResults":[{"assertionResults":[],"coverage":{},"endTime":1726737526266,"message":"  \u001b[1m● \u001b[22mTest suite failed to run\n\n    Cannot find module '../scoreboard' from 'Test/unit/scoreboard.test.js'\n\n    \u001b[0m \u001b[90m 1 |\u001b[39m \u001b[90m// scoreboard.test.js 測試代碼\u001b[39m\n    \u001b[31m\u001b[1m>\u001b[22m\u001b[39m\u001b[90m 2 |\u001b[39m \u001b[36mconst\u001b[39m \u001b[33mScoreboard\u001b[39m \u001b[33m=\u001b[39m require(\u001b[32m'../scoreboard'\u001b[39m)\u001b[33m;\u001b[39m\n     \u001b[90m   |\u001b[39m                    \u001b[31m\u001b[1m^\u001b[22m\u001b[39m\n     \u001b[90m 3 |\u001b[39m\n     \u001b[90m 4 |\u001b[39m describe(\u001b[32m'Scoreboard'\u001b[39m\u001b[33m,\u001b[39m () \u001b[33m=>\u001b[39m {\n     \u001b[90m 5 |\u001b[39m     \u001b[36mlet\u001b[39m scoreboard\u001b[33m;\u001b[39m\u001b[0m\n\n      \u001b[2mat Resolver._throwModNotFoundError (\u001b[22mnode_modules/jest-resolve/build/resolver.js\u001b[2m:427:11)\u001b[22m\n      \u001b[2mat Object.require (\u001b[22m\u001b[0m\u001b[36mTest/unit/scoreboard.test.js\u001b[39m\u001b[0m\u001b[2m:2:20)\u001b[22m\n","name":"C:\\JS\\ClaudeTest\\CursorTest\\SnakeT\\Test\\unit\\scoreboard.test.js","startTime":1726737526266,"status":"failed","summary":""},{"assertionResults":[],"coverage":{},"endTime":1726737526266,"message":"  \u001b[1m● \u001b[22mTest suite failed to run\n\n    Cannot find module '../tetris' from 'Test/unit/tetris.test.js'\n\n    \u001b[0m \u001b[90m 1 |\u001b[39m \u001b[90m// tetris.test.js 測試代碼\u001b[39m\n    \u001b[31m\u001b[1m>\u001b[22m\u001b[39m\u001b[90m 2 |\u001b[39m \u001b[36mconst\u001b[39m \u001b[33mTetris\u001b[39m \u001b[33m=\u001b[39m require(\u001b[32m'../tetris'\u001b[39m)\u001b[33m;\u001b[39m\n     \u001b[90m   |\u001b[39m                \u001b[31m\u001b[1m^\u001b[22m\u001b[39m\n     \u001b[90m 3 |\u001b[39m\n     \u001b[90m 4 |\u001b[39m describe(\u001b[32m'Tetris'\u001b[39m\u001b[33m,\u001b[39m () \u001b[33m=>\u001b[39m {\n     \u001b[90m 5 |\u001b[39m     \u001b[36mlet\u001b[39m tetris\u001b[33m;\u001b[39m\u001b[0m\n\n      \u001b[2mat Resolver._throwModNotFoundError (\u001b[22mnode_modules/jest-resolve/build/resolver.js\u001b[2m:427:11)\u001b[22m\n      \u001b[2mat Object.require (\u001b[22m\u001b[0m\u001b[36mTest/unit/tetris.test.js\u001b[39m\u001b[0m\u001b[2m:2:16)\u001b[22m\n","name":"C:\\JS\\ClaudeTest\\CursorTest\\SnakeT\\Test\\unit\\tetris.test.js","startTime":1726737526266,"status":"failed","summary":""},{"assertionResults":[],"coverage":{},"endTime":1726737526266,"message":"  \u001b[1m● \u001b[22mTest suite failed to run\n\n    Cannot find module '../snake' from 'Test/unit/snake.test.js'\n\n    \u001b[0m \u001b[90m 1 |\u001b[39m \u001b[90m// snake.test.js 測試代碼\u001b[39m\n    \u001b[31m\u001b[1m>\u001b[22m\u001b[39m\u001b[90m 2 |\u001b[39m \u001b[36mconst\u001b[39m \u001b[33mSnake\u001b[39m \u001b[33m=\u001b[39m require(\u001b[32m'../snake'\u001b[39m)\u001b[33m;\u001b[39m\n     \u001b[90m   |\u001b[39m               \u001b[31m\u001b[1m^\u001b[22m\u001b[39m\n     \u001b[90m 3 |\u001b[39m\n     \u001b[90m 4 |\u001b[39m describe(\u001b[32m'Snake'\u001b[39m\u001b[33m,\u001b[39m () \u001b[33m=>\u001b[39m {\n     \u001b[90m 5 |\u001b[39m     \u001b[36mlet\u001b[39m snake\u001b[33m;\u001b[39m\u001b[0m\n\n      \u001b[2mat Resolver._throwModNotFoundError (\u001b[22mnode_modules/jest-resolve/build/resolver.js\u001b[2m:427:11)\u001b[22m\n      \u001b[2mat Object.require (\u001b[22m\u001b[0m\u001b[36mTest/unit/snake.test.js\u001b[39m\u001b[0m\u001b[2m:2:15)\u001b[22m\n","name":"C:\\JS\\ClaudeTest\\CursorTest\\SnakeT\\Test\\unit\\snake.test.js","startTime":1726737526266,"status":"failed","summary":""},{"assertionResults":[],"coverage":{},"endTime":1726737526266,"message":"  \u001b[1m● \u001b[22mTest suite failed to run\n\n    Cannot find module '../utility' from 'Test/unit/utility.test.js'\n\n    \u001b[0m \u001b[90m 1 |\u001b[39m \u001b[90m// utility.test.js 測試代碼\u001b[39m\n    \u001b[31m\u001b[1m>\u001b[22m\u001b[39m\u001b[90m 2 |\u001b[39m \u001b[36mconst\u001b[39m \u001b[33mUtility\u001b[39m \u001b[33m=\u001b[39m require(\u001b[32m'../utility'\u001b[39m)\u001b[33m;\u001b[39m\n     \u001b[90m   |\u001b[39m                 \u001b[31m\u001b[1m^\u001b[22m\u001b[39m\n     \u001b[90m 3 |\u001b[39m\n     \u001b[90m 4 |\u001b[39m describe(\u001b[32m'Utility'\u001b[39m\u001b[33m,\u001b[39m () \u001b[33m=>\u001b[39m {\n     \u001b[90m 5 |\u001b[39m     test(\u001b[32m'should generate random number correctly'\u001b[39m\u001b[33m,\u001b[39m () \u001b[33m=>\u001b[39m {\u001b[0m\n\n      \u001b[2mat Resolver._throwModNotFoundError (\u001b[22mnode_modules/jest-resolve/build/resolver.js\u001b[2m:427:11)\u001b[22m\n      \u001b[2mat Object.require (\u001b[22m\u001b[0m\u001b[36mTest/unit/utility.test.js\u001b[39m\u001b[0m\u001b[2m:2:17)\u001b[22m\n","name":"C:\\JS\\ClaudeTest\\CursorTest\\SnakeT\\Test\\unit\\utility.test.js","startTime":1726737526266,"status":"failed","summary":""},{"assertionResults":[],"coverage":{},"endTime":1726737526266,"message":"  \u001b[1m● \u001b[22mTest suite failed to run\n\n    Cannot find module '../inputHandler' from 'Test/unit/inputHandler.test.js'\n\n    \u001b[0m \u001b[90m 1 |\u001b[39m \u001b[90m// inputHandler.test.js 測試代碼\u001b[39m\n    \u001b[31m\u001b[1m>\u001b[22m\u001b[39m\u001b[90m 2 |\u001b[39m \u001b[36mconst\u001b[39m \u001b[33mInputHandler\u001b[39m \u001b[33m=\u001b[39m require(\u001b[32m'../inputHandler'\u001b[39m)\u001b[33m;\u001b[39m\n     \u001b[90m   |\u001b[39m                      \u001b[31m\u001b[1m^\u001b[22m\u001b[39m\n     \u001b[90m 3 |\u001b[39m\n     \u001b[90m 4 |\u001b[39m describe(\u001b[32m'InputHandler'\u001b[39m\u001b[33m,\u001b[39m () \u001b[33m=>\u001b[39m {\n     \u001b[90m 5 |\u001b[39m     \u001b[36mlet\u001b[39m inputHandler\u001b[33m;\u001b[39m\u001b[0m\n\n      \u001b[2mat Resolver._throwModNotFoundError (\u001b[22mnode_modules/jest-resolve/build/resolver.js\u001b[2m:427:11)\u001b[22m\n      \u001b[2mat Object.require (\u001b[22m\u001b[0m\u001b[36mTest/unit/inputHandler.test.js\u001b[39m\u001b[0m\u001b[2m:2:22)\u001b[22m\n","name":"C:\\JS\\ClaudeTest\\CursorTest\\SnakeT\\Test\\unit\\inputHandler.test.js","startTime":1726737526266,"status":"failed","summary":""},{"assertionResults":[],"coverage":{},"endTime":1726737526266,"message":"  \u001b[1m● \u001b[22mTest suite failed to run\n\n    Cannot find module '../gameManager' from 'Test/unit/gameManager.test.js'\n\n    \u001b[0m \u001b[90m 1 |\u001b[39m \u001b[90m// gameManager.test.js 測試代碼\u001b[39m\n    \u001b[31m\u001b[1m>\u001b[22m\u001b[39m\u001b[90m 2 |\u001b[39m \u001b[36mconst\u001b[39m \u001b[33mGameManager\u001b[39m \u001b[33m=\u001b[39m require(\u001b[32m'../gameManager'\u001b[39m)\u001b[33m;\u001b[39m\n     \u001b[90m   |\u001b[39m                     \u001b[31m\u001b[1m^\u001b[22m\u001b[39m\n     \u001b[90m 3 |\u001b[39m\n     \u001b[90m 4 |\u001b[39m describe(\u001b[32m'GameManager'\u001b[39m\u001b[33m,\u001b[39m () \u001b[33m=>\u001b[39m {\n     \u001b[90m 5 |\u001b[39m     \u001b[36mlet\u001b[39m gameManager\u001b[33m;\u001b[39m\u001b[0m\n\n      \u001b[2mat Resolver._throwModNotFoundError (\u001b[22mnode_modules/jest-resolve/build/resolver.js\u001b[2m:427:11)\u001b[22m\n      \u001b[2mat Object.require (\u001b[22m\u001b[0m\u001b[36mTest/unit/gameManager.test.js\u001b[39m\u001b[0m\u001b[2m:2:21)\u001b[22m\n","name":"C:\\JS\\ClaudeTest\\CursorTest\\SnakeT\\Test\\unit\\gameManager.test.js","startTime":1726737526266,"status":"failed","summary":""},{"assertionResults":[],"coverage":{},"endTime":1726737526266,"message":"  \u001b[1m● \u001b[22mTest suite failed to run\n\n    Cannot find module '../render' from 'Test/unit/render.test.js'\n\n    \u001b[0m \u001b[90m 1 |\u001b[39m \u001b[90m// render.test.js 測試代碼\u001b[39m\n    \u001b[31m\u001b[1m>\u001b[22m\u001b[39m\u001b[90m 2 |\u001b[39m \u001b[36mconst\u001b[39m \u001b[33mRender\u001b[39m \u001b[33m=\u001b[39m require(\u001b[32m'../render'\u001b[39m)\u001b[33m;\u001b[39m\n     \u001b[90m   |\u001b[39m                \u001b[31m\u001b[1m^\u001b[22m\u001b[39m\n     \u001b[90m 3 |\u001b[39m\n     \u001b[90m 4 |\u001b[39m describe(\u001b[32m'Render'\u001b[39m\u001b[33m,\u001b[39m () \u001b[33m=>\u001b[39m {\n     \u001b[90m 5 |\u001b[39m     \u001b[36mlet\u001b[39m render\u001b[33m;\u001b[39m\u001b[0m\n\n      \u001b[2mat Resolver._throwModNotFoundError (\u001b[22mnode_modules/jest-resolve/build/resolver.js\u001b[2m:427:11)\u001b[22m\n      \u001b[2mat Object.require (\u001b[22m\u001b[0m\u001b[36mTest/unit/render.test.js\u001b[39m\u001b[0m\u001b[2m:2:16)\u001b[22m\n","name":"C:\\JS\\ClaudeTest\\CursorTest\\SnakeT\\Test\\unit\\render.test.js","startTime":1726737526266,"status":"failed","summary":""},{"assertionResults":[{"ancestorTitles":["Game Flow"],"duration":67,"failureDetails":[{"name":"ReferenceError"}],"failureMessages":["ReferenceError: gameManager is not defined\n    at evaluate (evaluate at Object.<anonymous> (C:\\JS\\ClaudeTest\\CursorTest\\SnakeT\\Test\\e2e\\gameFlow.test.js:17:34), <anonymous>:0:19)\n    at ExecutionContext.#evaluate (C:\\JS\\ClaudeTest\\CursorTest\\SnakeT\\node_modules\\puppeteer-core\\src\\cdp\\ExecutionContext.ts:449:34)\n    at ExecutionContext.evaluate (C:\\JS\\ClaudeTest\\CursorTest\\SnakeT\\node_modules\\puppeteer-core\\src\\cdp\\ExecutionContext.ts:292:12)\n    at IsolatedWorld.evaluate (C:\\JS\\ClaudeTest\\CursorTest\\SnakeT\\node_modules\\puppeteer-core\\src\\cdp\\IsolatedWorld.ts:194:12)\n    at CdpFrame.evaluate (C:\\JS\\ClaudeTest\\CursorTest\\SnakeT\\node_modules\\puppeteer-core\\src\\api\\Frame.ts:472:12)\n    at CdpPage.evaluate (C:\\JS\\ClaudeTest\\CursorTest\\SnakeT\\node_modules\\puppeteer-core\\src\\api\\Page.ts:2219:12)\n    at Object.<anonymous> (C:\\JS\\ClaudeTest\\CursorTest\\SnakeT\\Test\\e2e\\gameFlow.test.js:21:27)"],"fullName":"Game Flow should start in snake mode and switch to tetris mode","invocations":1,"location":null,"numPassingAsserts":0,"retryReasons":[],"status":"failed","title":"should start in snake mode and switch to tetris mode"},{"ancestorTitles":["Game Flow"],"duration":8,"failureDetails":[{"name":"ReferenceError"}],"failureMessages":["ReferenceError: gameManager is not defined\n    at evaluate (evaluate at Object.<anonymous> (C:\\JS\\ClaudeTest\\CursorTest\\SnakeT\\Test\\e2e\\gameFlow.test.js:22:34), <anonymous>:0:19)\n    at ExecutionContext.#evaluate (C:\\JS\\ClaudeTest\\CursorTest\\SnakeT\\node_modules\\puppeteer-core\\src\\cdp\\ExecutionContext.ts:449:34)\n    at ExecutionContext.evaluate (C:\\JS\\ClaudeTest\\CursorTest\\SnakeT\\node_modules\\puppeteer-core\\src\\cdp\\ExecutionContext.ts:292:12)\n    at IsolatedWorld.evaluate (C:\\JS\\ClaudeTest\\CursorTest\\SnakeT\\node_modules\\puppeteer-core\\src\\cdp\\IsolatedWorld.ts:194:12)\n    at CdpFrame.evaluate (C:\\JS\\ClaudeTest\\CursorTest\\SnakeT\\node_modules\\puppeteer-core\\src\\api\\Frame.ts:472:12)\n    at CdpPage.evaluate (C:\\JS\\ClaudeTest\\CursorTest\\SnakeT\\node_modules\\puppeteer-core\\src\\api\\Page.ts:2219:12)\n    at Object.<anonymous> (C:\\JS\\ClaudeTest\\CursorTest\\SnakeT\\Test\\e2e\\gameFlow.test.js:27:27)"],"fullName":"Game Flow should restart the game","invocations":1,"location":null,"numPassingAsserts":0,"retryReasons":[],"status":"failed","title":"should restart the game"}],"endTime":1726737525974,"message":"\u001b[1m\u001b[31m  \u001b[1m● \u001b[22m\u001b[1mGame Flow › should start in snake mode and switch to tetris mode\u001b[39m\u001b[22m\n\n    ReferenceError: gameManager is not defined\n\u001b[2m\u001b[22m\n\u001b[2m      \u001b[2mat evaluate (evaluate at Object.<anonymous> (\u001b[22m\u001b[2m\u001b[0m\u001b[36mTest/e2e/gameFlow.test.js\u001b[39m\u001b[0m\u001b[2m:17:34), <anonymous>:0:19)\u001b[22m\u001b[2m\u001b[22m\n\u001b[2m      \u001b[2mat ExecutionContext.#evaluate (\u001b[22m\u001b[2mnode_modules/puppeteer-core/src/cdp/ExecutionContext.ts\u001b[2m:449:34)\u001b[22m\u001b[2m\u001b[22m\n\u001b[2m      \u001b[2mat ExecutionContext.evaluate (\u001b[22m\u001b[2mnode_modules/puppeteer-core/src/cdp/ExecutionContext.ts\u001b[2m:292:12)\u001b[22m\u001b[2m\u001b[22m\n\u001b[2m      \u001b[2mat IsolatedWorld.evaluate (\u001b[22m\u001b[2mnode_modules/puppeteer-core/src/cdp/IsolatedWorld.ts\u001b[2m:194:12)\u001b[22m\u001b[2m\u001b[22m\n\u001b[2m      \u001b[2mat CdpFrame.evaluate (\u001b[22m\u001b[2mnode_modules/puppeteer-core/src/api/Frame.ts\u001b[2m:472:12)\u001b[22m\u001b[2m\u001b[22m\n\u001b[2m      \u001b[2mat CdpPage.evaluate (\u001b[22m\u001b[2mnode_modules/puppeteer-core/src/api/Page.ts\u001b[2m:2219:12)\u001b[22m\u001b[2m\u001b[22m\n\u001b[2m      \u001b[2mat Object.<anonymous> (\u001b[22m\u001b[2m\u001b[0m\u001b[36mTest/e2e/gameFlow.test.js\u001b[39m\u001b[0m\u001b[2m:21:27)\u001b[22m\u001b[2m\u001b[22m\n\n\u001b[1m\u001b[31m  \u001b[1m● \u001b[22m\u001b[1mGame Flow › should restart the game\u001b[39m\u001b[22m\n\n    ReferenceError: gameManager is not defined\n\u001b[2m\u001b[22m\n\u001b[2m      \u001b[2mat evaluate (evaluate at Object.<anonymous> (\u001b[22m\u001b[2m\u001b[0m\u001b[36mTest/e2e/gameFlow.test.js\u001b[39m\u001b[0m\u001b[2m:22:34), <anonymous>:0:19)\u001b[22m\u001b[2m\u001b[22m\n\u001b[2m      \u001b[2mat ExecutionContext.#evaluate (\u001b[22m\u001b[2mnode_modules/puppeteer-core/src/cdp/ExecutionContext.ts\u001b[2m:449:34)\u001b[22m\u001b[2m\u001b[22m\n\u001b[2m      \u001b[2mat ExecutionContext.evaluate (\u001b[22m\u001b[2mnode_modules/puppeteer-core/src/cdp/ExecutionContext.ts\u001b[2m:292:12)\u001b[22m\u001b[2m\u001b[22m\n\u001b[2m      \u001b[2mat IsolatedWorld.evaluate (\u001b[22m\u001b[2mnode_modules/puppeteer-core/src/cdp/IsolatedWorld.ts\u001b[2m:194:12)\u001b[22m\u001b[2m\u001b[22m\n\u001b[2m      \u001b[2mat CdpFrame.evaluate (\u001b[22m\u001b[2mnode_modules/puppeteer-core/src/api/Frame.ts\u001b[2m:472:12)\u001b[22m\u001b[2m\u001b[22m\n\u001b[2m      \u001b[2mat CdpPage.evaluate (\u001b[22m\u001b[2mnode_modules/puppeteer-core/src/api/Page.ts\u001b[2m:2219:12)\u001b[22m\u001b[2m\u001b[22m\n\u001b[2m      \u001b[2mat Object.<anonymous> (\u001b[22m\u001b[2m\u001b[0m\u001b[36mTest/e2e/gameFlow.test.js\u001b[39m\u001b[0m\u001b[2m:27:27)\u001b[22m\u001b[2m\u001b[22m\n","name":"C:\\JS\\ClaudeTest\\CursorTest\\SnakeT\\Test\\e2e\\gameFlow.test.js","startTime":1726737522161,"status":"failed","summary":""}],"wasInterrupted":false,"coverageMap":{}}
